<?xml version="1.0" encoding="UTF-8"?>
<!-- Generated by org.testng.reporters.JUnitReportReporter -->
<testsuite hostname="Keerthi-PC" name="testScripts.Module1" tests="1" failures="0" timestamp="13 Mar 2019 03:48:22 GMT" time="59.542" errors="0">
  <testcase name="TC101" time="59.542" classname="testScripts.Module1"/>
</testsuite> <!-- testScripts.Module1 -->
