<?xml version="1.0" encoding="UTF-8"?>
<!-- Generated by org.testng.reporters.JUnitReportReporter -->
<testsuite hostname="Keerthi-PC" name="testScripts.Module2" tests="1" failures="0" timestamp="13 Mar 2019 05:48:04 GMT" time="44.498" errors="0">
  <testcase name="TC201" time="44.498" classname="testScripts.Module2"/>
</testsuite> <!-- testScripts.Module2 -->
